<?xml version="1.0" encoding="UTF-8"?>
<!-- Generated by org.testng.reporters.JUnitXMLReporter -->
<testsuite hostname="HW1650" ignored="0" name="Test" tests="1" failures="1" timestamp="27 Mar 2019 12:53:07 GMT" time="0.578" errors="0">
  <testcase name="feature" time="0.157" classname="MyRunner.TestRunner">
    <failure type="cucumber.runtime.CucumberException" message="java.lang.NullPointerException">
      <![CDATA[cucumber.runtime.CucumberException: java.lang.NullPointerException
at cucumber.api.testng.TestNGCucumberRunner.runCucumber(TestNGCucumberRunner.java:69)
at MyRunner.TestRunner.feature(TestRunner.java:36)
at java.util.concurrent.FutureTask.run(Unknown Source)
at java.util.concurrent.ThreadPoolExecutor.runWorker(Unknown Source)
at java.util.concurrent.ThreadPoolExecutor$Worker.run(Unknown Source)
at java.lang.Thread.run(Unknown Source)
Caused by: java.lang.NullPointerException
at stepDefinitions.LoginStepDefinition.user_already_on_login_page(LoginStepDefinition.java:19)
at ✽.Given Navigate to GetSwift "https://qa2.getswift.co/Account/Login"and user enters "CIGAutomation1" and "getswift"(login.feature:4)
... Removed 16 stack frames]]>
    </failure>
  </testcase> <!-- feature -->
</testsuite> <!-- Test -->
